#############################
Downloading chromosome 1
#############################
see the path:
http://ftp.1000genomes.ebi.ac.uk/vol1/ftp/data_collections/1000G_2504_high_coverage/working/20220422_3202_phased_SNV_INDEL_SV/1kGP_high_coverage_Illumina.chr1.filtered.SNV_INDEL_SV_phased_panel.vcf.gz
2023-03-08 20:52:24 URL:http://ftp.1000genomes.ebi.ac.uk/vol1/ftp/data_collections/1000G_2504_high_coverage/working/20220422_3202_phased_SNV_INDEL_SV/1kGP_high_coverage_Illumina.chr1.filtered.SNV_INDEL_SV_phased_panel.vcf.gz [2390515911/2390515911] -> "./1kGP_high_coverage_Illumina.chr1.filtered.SNV_INDEL_SV_phased_panel.vcf.gz" [1]
#############################
Downloading chromosome 2
#############################
see the path:
http://ftp.1000genomes.ebi.ac.uk/vol1/ftp/data_collections/1000G_2504_high_coverage/working/20220422_3202_phased_SNV_INDEL_SV/1kGP_high_coverage_Illumina.chr2.filtered.SNV_INDEL_SV_phased_panel.vcf.gz
2023-03-08 23:06:43 URL:http://ftp.1000genomes.ebi.ac.uk/vol1/ftp/data_collections/1000G_2504_high_coverage/working/20220422_3202_phased_SNV_INDEL_SV/1kGP_high_coverage_Illumina.chr2.filtered.SNV_INDEL_SV_phased_panel.vcf.gz [2506332497/2506332497] -> "./1kGP_high_coverage_Illumina.chr2.filtered.SNV_INDEL_SV_phased_panel.vcf.gz" [1]
#############################
Downloading chromosome 3
#############################
see the path:
http://ftp.1000genomes.ebi.ac.uk/vol1/ftp/data_collections/1000G_2504_high_coverage/working/20220422_3202_phased_SNV_INDEL_SV/1kGP_high_coverage_Illumina.chr3.filtered.SNV_INDEL_SV_phased_panel.vcf.gz
2023-03-09 00:58:22 URL:http://ftp.1000genomes.ebi.ac.uk/vol1/ftp/data_collections/1000G_2504_high_coverage/working/20220422_3202_phased_SNV_INDEL_SV/1kGP_high_coverage_Illumina.chr3.filtered.SNV_INDEL_SV_phased_panel.vcf.gz [2097106049/2097106049] -> "./1kGP_high_coverage_Illumina.chr3.filtered.SNV_INDEL_SV_phased_panel.vcf.gz" [1]
#############################
Downloading chromosome 4
#############################
see the path:
http://ftp.1000genomes.ebi.ac.uk/vol1/ftp/data_collections/1000G_2504_high_coverage/working/20220422_3202_phased_SNV_INDEL_SV/1kGP_high_coverage_Illumina.chr4.filtered.SNV_INDEL_SV_phased_panel.vcf.gz
2023-03-09 02:48:46 URL:http://ftp.1000genomes.ebi.ac.uk/vol1/ftp/data_collections/1000G_2504_high_coverage/working/20220422_3202_phased_SNV_INDEL_SV/1kGP_high_coverage_Illumina.chr4.filtered.SNV_INDEL_SV_phased_panel.vcf.gz [2086491071/2086491071] -> "./1kGP_high_coverage_Illumina.chr4.filtered.SNV_INDEL_SV_phased_panel.vcf.gz" [1]
#############################
Downloading chromosome 5
#############################
see the path:
http://ftp.1000genomes.ebi.ac.uk/vol1/ftp/data_collections/1000G_2504_high_coverage/working/20220422_3202_phased_SNV_INDEL_SV/1kGP_high_coverage_Illumina.chr5.filtered.SNV_INDEL_SV_phased_panel.vcf.gz
2023-03-09 04:45:02 URL:http://ftp.1000genomes.ebi.ac.uk/vol1/ftp/data_collections/1000G_2504_high_coverage/working/20220422_3202_phased_SNV_INDEL_SV/1kGP_high_coverage_Illumina.chr5.filtered.SNV_INDEL_SV_phased_panel.vcf.gz [1899165551/1899165551] -> "./1kGP_high_coverage_Illumina.chr5.filtered.SNV_INDEL_SV_phased_panel.vcf.gz" [2]
#############################
Downloading chromosome 6
#############################
see the path:
http://ftp.1000genomes.ebi.ac.uk/vol1/ftp/data_collections/1000G_2504_high_coverage/working/20220422_3202_phased_SNV_INDEL_SV/1kGP_high_coverage_Illumina.chr6.filtered.SNV_INDEL_SV_phased_panel.vcf.gz
2023-03-09 06:36:09 URL:http://ftp.1000genomes.ebi.ac.uk/vol1/ftp/data_collections/1000G_2504_high_coverage/working/20220422_3202_phased_SNV_INDEL_SV/1kGP_high_coverage_Illumina.chr6.filtered.SNV_INDEL_SV_phased_panel.vcf.gz [1878333223/1878333223] -> "./1kGP_high_coverage_Illumina.chr6.filtered.SNV_INDEL_SV_phased_panel.vcf.gz" [1]
#############################
Downloading chromosome 7
#############################
see the path:
http://ftp.1000genomes.ebi.ac.uk/vol1/ftp/data_collections/1000G_2504_high_coverage/working/20220422_3202_phased_SNV_INDEL_SV/1kGP_high_coverage_Illumina.chr7.filtered.SNV_INDEL_SV_phased_panel.vcf.gz
2023-03-09 08:09:42 URL:http://ftp.1000genomes.ebi.ac.uk/vol1/ftp/data_collections/1000G_2504_high_coverage/working/20220422_3202_phased_SNV_INDEL_SV/1kGP_high_coverage_Illumina.chr7.filtered.SNV_INDEL_SV_phased_panel.vcf.gz [1751799644/1751799644] -> "./1kGP_high_coverage_Illumina.chr7.filtered.SNV_INDEL_SV_phased_panel.vcf.gz" [1]
#############################
Downloading chromosome 8
#############################
see the path:
http://ftp.1000genomes.ebi.ac.uk/vol1/ftp/data_collections/1000G_2504_high_coverage/working/20220422_3202_phased_SNV_INDEL_SV/1kGP_high_coverage_Illumina.chr8.filtered.SNV_INDEL_SV_phased_panel.vcf.gz
2023-03-09 09:30:10 URL:http://ftp.1000genomes.ebi.ac.uk/vol1/ftp/data_collections/1000G_2504_high_coverage/working/20220422_3202_phased_SNV_INDEL_SV/1kGP_high_coverage_Illumina.chr8.filtered.SNV_INDEL_SV_phased_panel.vcf.gz [1617138777/1617138777] -> "./1kGP_high_coverage_Illumina.chr8.filtered.SNV_INDEL_SV_phased_panel.vcf.gz" [2]
#############################
Downloading chromosome 9
#############################
see the path:
http://ftp.1000genomes.ebi.ac.uk/vol1/ftp/data_collections/1000G_2504_high_coverage/working/20220422_3202_phased_SNV_INDEL_SV/1kGP_high_coverage_Illumina.chr9.filtered.SNV_INDEL_SV_phased_panel.vcf.gz
2023-03-09 10:38:32 URL:http://ftp.1000genomes.ebi.ac.uk/vol1/ftp/data_collections/1000G_2504_high_coverage/working/20220422_3202_phased_SNV_INDEL_SV/1kGP_high_coverage_Illumina.chr9.filtered.SNV_INDEL_SV_phased_panel.vcf.gz [1320051150/1320051150] -> "./1kGP_high_coverage_Illumina.chr9.filtered.SNV_INDEL_SV_phased_panel.vcf.gz" [1]
#############################
Downloading chromosome 10
#############################
see the path:
http://ftp.1000genomes.ebi.ac.uk/vol1/ftp/data_collections/1000G_2504_high_coverage/working/20220422_3202_phased_SNV_INDEL_SV/1kGP_high_coverage_Illumina.chr10.filtered.SNV_INDEL_SV_phased_panel.vcf.gz
2023-03-09 12:00:19 URL:http://ftp.1000genomes.ebi.ac.uk/vol1/ftp/data_collections/1000G_2504_high_coverage/working/20220422_3202_phased_SNV_INDEL_SV/1kGP_high_coverage_Illumina.chr10.filtered.SNV_INDEL_SV_phased_panel.vcf.gz [1493904721/1493904721] -> "./1kGP_high_coverage_Illumina.chr10.filtered.SNV_INDEL_SV_phased_panel.vcf.gz" [1]
#############################
Downloading chromosome 11
#############################
see the path:
http://ftp.1000genomes.ebi.ac.uk/vol1/ftp/data_collections/1000G_2504_high_coverage/working/20220422_3202_phased_SNV_INDEL_SV/1kGP_high_coverage_Illumina.chr11.filtered.SNV_INDEL_SV_phased_panel.vcf.gz
2023-03-09 13:17:53 URL:http://ftp.1000genomes.ebi.ac.uk/vol1/ftp/data_collections/1000G_2504_high_coverage/working/20220422_3202_phased_SNV_INDEL_SV/1kGP_high_coverage_Illumina.chr11.filtered.SNV_INDEL_SV_phased_panel.vcf.gz [1444152921/1444152921] -> "./1kGP_high_coverage_Illumina.chr11.filtered.SNV_INDEL_SV_phased_panel.vcf.gz" [1]
#############################
Downloading chromosome 12
#############################
see the path:
http://ftp.1000genomes.ebi.ac.uk/vol1/ftp/data_collections/1000G_2504_high_coverage/working/20220422_3202_phased_SNV_INDEL_SV/1kGP_high_coverage_Illumina.chr12.filtered.SNV_INDEL_SV_phased_panel.vcf.gz
2023-03-09 14:38:02 URL:http://ftp.1000genomes.ebi.ac.uk/vol1/ftp/data_collections/1000G_2504_high_coverage/working/20220422_3202_phased_SNV_INDEL_SV/1kGP_high_coverage_Illumina.chr12.filtered.SNV_INDEL_SV_phased_panel.vcf.gz [1418304697/1418304697] -> "./1kGP_high_coverage_Illumina.chr12.filtered.SNV_INDEL_SV_phased_panel.vcf.gz" [1]
#############################
Downloading chromosome 13
#############################
see the path:
http://ftp.1000genomes.ebi.ac.uk/vol1/ftp/data_collections/1000G_2504_high_coverage/working/20220422_3202_phased_SNV_INDEL_SV/1kGP_high_coverage_Illumina.chr13.filtered.SNV_INDEL_SV_phased_panel.vcf.gz
2023-03-09 15:49:16 URL:http://ftp.1000genomes.ebi.ac.uk/vol1/ftp/data_collections/1000G_2504_high_coverage/working/20220422_3202_phased_SNV_INDEL_SV/1kGP_high_coverage_Illumina.chr13.filtered.SNV_INDEL_SV_phased_panel.vcf.gz [1073594120/1073594120] -> "./1kGP_high_coverage_Illumina.chr13.filtered.SNV_INDEL_SV_phased_panel.vcf.gz" [2]
#############################
Downloading chromosome 14
#############################
see the path:
http://ftp.1000genomes.ebi.ac.uk/vol1/ftp/data_collections/1000G_2504_high_coverage/working/20220422_3202_phased_SNV_INDEL_SV/1kGP_high_coverage_Illumina.chr14.filtered.SNV_INDEL_SV_phased_panel.vcf.gz
2023-03-09 16:40:58 URL:http://ftp.1000genomes.ebi.ac.uk/vol1/ftp/data_collections/1000G_2504_high_coverage/working/20220422_3202_phased_SNV_INDEL_SV/1kGP_high_coverage_Illumina.chr14.filtered.SNV_INDEL_SV_phased_panel.vcf.gz [966241761/966241761] -> "./1kGP_high_coverage_Illumina.chr14.filtered.SNV_INDEL_SV_phased_panel.vcf.gz" [1]
#############################
Downloading chromosome 15
#############################
see the path:
http://ftp.1000genomes.ebi.ac.uk/vol1/ftp/data_collections/1000G_2504_high_coverage/working/20220422_3202_phased_SNV_INDEL_SV/1kGP_high_coverage_Illumina.chr15.filtered.SNV_INDEL_SV_phased_panel.vcf.gz
2023-03-09 17:28:04 URL:http://ftp.1000genomes.ebi.ac.uk/vol1/ftp/data_collections/1000G_2504_high_coverage/working/20220422_3202_phased_SNV_INDEL_SV/1kGP_high_coverage_Illumina.chr15.filtered.SNV_INDEL_SV_phased_panel.vcf.gz [885687136/885687136] -> "./1kGP_high_coverage_Illumina.chr15.filtered.SNV_INDEL_SV_phased_panel.vcf.gz" [1]
#############################
Downloading chromosome 16
#############################
see the path:
http://ftp.1000genomes.ebi.ac.uk/vol1/ftp/data_collections/1000G_2504_high_coverage/working/20220422_3202_phased_SNV_INDEL_SV/1kGP_high_coverage_Illumina.chr16.filtered.SNV_INDEL_SV_phased_panel.vcf.gz
2023-03-09 18:18:11 URL:http://ftp.1000genomes.ebi.ac.uk/vol1/ftp/data_collections/1000G_2504_high_coverage/working/20220422_3202_phased_SNV_INDEL_SV/1kGP_high_coverage_Illumina.chr16.filtered.SNV_INDEL_SV_phased_panel.vcf.gz [961378545/961378545] -> "./1kGP_high_coverage_Illumina.chr16.filtered.SNV_INDEL_SV_phased_panel.vcf.gz" [1]
#############################
Downloading chromosome 17
#############################
see the path:
http://ftp.1000genomes.ebi.ac.uk/vol1/ftp/data_collections/1000G_2504_high_coverage/working/20220422_3202_phased_SNV_INDEL_SV/1kGP_high_coverage_Illumina.chr17.filtered.SNV_INDEL_SV_phased_panel.vcf.gz
