
#######################################
#######################################
checking function to print nicely: header 1
#######################################
#######################################

###### checking function to print nicely: header 2 ######

## checking function to print nicely: header 3 ##

# checking function to print nicely: header 4 #

#######################################
#######################################
check behaviour run_bash
#######################################
#######################################

###### see working directory ######
/home/dftortosa/singularity/dating_climate_adaptation/flex_sweep_modeling


###### list files/folders there ######
data
results
scripts
ubuntu_18_04_yoruba_modelling_flex_sweep.sif


#######################################
#######################################
prepare folder structure
#######################################
#######################################
total 6208076
-rw-rw-r-- 1 dftortosa dftortosa 6355614636 Jun 15 17:02 all_human_gene-specific_connectomes_122015.zip
drwxrwxr-x 2 dftortosa dftortosa       4096 Jun 16 11:37 bat_distance
-rwxrwxrwx 1 dftortosa dftortosa    1433703 Jan 18 20:16 flex_sweep_closest_window_center.txt.gz
-rw-rw-r-- 1 dftortosa dftortosa        598 Jun 16 10:07 README.txt
drwxrwxr-x 2 dftortosa dftortosa       4096 Jun 16 11:37 smt_distance


#######################################
#######################################
prepare data
#######################################
#######################################

###### load the required files ######

## load gene coordinates ##
        chromosome_name hgnc_symbol  ... test_chr_name  test_na_cds
0                     1       SCYL3  ...          True         True
1                     1       SCYL3  ...          True         True
2                     1       SCYL3  ...          True         True
3                     1       SCYL3  ...          True         True
4                     1       SCYL3  ...          True         True
...                 ...         ...  ...           ...          ...
643583               22         NaN  ...          True         True
643584               22         NaN  ...          True         True
643585               22         NaN  ...          True         True
643586               22         NaN  ...          True         True
643587               22         NaN  ...          True         True

[643588 rows x 60 columns]

# Select only one row per gene because in this file, each row is an exon, but all the rows of the same gene have the same middle gene position and gene windows as all the rows belongs to the same gene #
        chromosome_name hgnc_symbol  ... test_chr_name  test_na_cds
0                     1       SCYL3  ...          True         True
49                    1    C1orf112  ...          True         True
113                   1         FGR  ...          True         True
174                   1         CFH  ...          True         True
215                   1       STPG1  ...          True         True
...                 ...         ...  ...           ...          ...
643579               22         NaN  ...          True         True
643581               22         NaN  ...          True         True
643582               22         NaN  ...          True         True
643584               22         NaN  ...          True         True
643586               22         NaN  ...          True         True

[19252 rows x 60 columns]
Check that the subset has as many rows as unique gene IDs in the original file. If True, remove the original gene coirdinate file

# select only the columns we need #
        chromosome_name  ... upper_end_window_1000kb
0                     1  ...             170341089.0
49                    1  ...             170227232.0
113                   1  ...              28450181.0
174                   1  ...             197168820.0
215                   1  ...              25213456.0
...                 ...  ...                     ...
643579               22  ...              51214226.0
643581               22  ...              31314340.0
643582               22  ...              36527110.0
643584               22  ...              21859382.0
643586               22  ...              42185536.0

[19252 rows x 16 columns]

# reset the row index #
       chromosome_name  ... upper_end_window_1000kb
0                    1  ...             170341089.0
1                    1  ...             170227232.0
2                    1  ...              28450181.0
3                    1  ...             197168820.0
4                    1  ...              25213456.0
...                ...  ...                     ...
19247               22  ...              51214226.0
19248               22  ...              31314340.0
19249               22  ...              36527110.0
19250               22  ...              21859382.0
19251               22  ...              42185536.0

[19252 rows x 16 columns]

# make a depp copy of the dataset to add information about the gene of interest #
       chromosome_name  ... upper_end_window_1000kb
0                    1  ...             170341089.0
1                    1  ...             170227232.0
2                    1  ...              28450181.0
3                    1  ...             197168820.0
4                    1  ...              25213456.0
...                ...  ...                     ...
19247               22  ...              51214226.0
19248               22  ...              31314340.0
19249               22  ...              36527110.0
19250               22  ...              21859382.0
19251               22  ...              42185536.0

[19252 rows x 16 columns]

## load pressure data ##

# first extract the connectome of the interest gene #

warning [./data/all_human_gene-specific_connectomes_122015.zip]:  4294967296 extra bytes at beginning or within zipfile
  (attempting to process anyway)


# load the connectome having UCP1 as core gene #
        Target  ...  Degrees_connectivity
0         UCP1  ...                     0
1         UCP2  ...                     1
2         UCP3  ...                     1
3         BMP7  ...                     1
4        FNDC5  ...                     1
...        ...  ...                   ...
16721    MS4A7  ...                     5
16722    MS4A8  ...                     5
16723      GLA  ...                     5
16724  CLEC18C  ...                     5
16725     OCA2  ...                     5

[16726 rows x 10 columns]

# check we have selected the correct connectome, i.e., the one with the correct core gene #
True

# if UCP1 is the core gene, check that the connectome extracted from the zip is the same as the original used for BAT analyses #
True
True

# if UCP1 is the core gene, check that file with BAT relationships has the same genes than the connectome 1% obtained now #
True

###### start with the specific subset of genes in the connectome according to P-value percentile ######

## select the interest genes genes ##
0       UCP1
1       UCP2
2       UCP3
3       BMP7
4      FNDC5
       ...  
79    TAS2R1
80     CDK19
81     P2RY4
82       LIF
83    ADRA2A
Name: Target, Length: 84, dtype: object

## create a variable about pressure status using this set of genes (those belonging to the set of interest are 'yes') ##
0        no
1        no
2        no
3        no
4        no
         ..
19247    no
19248    no
19249    no
19250    no
19251    no
Name: bat_status, Length: 19252, dtype: object

# check we have set as 'yes' all genes with coords that are included in the interest set of genes #
[ True]

## explore pressure data ##

# look for genes without gene symbol in gene coords #
75    IL2RG
81    P2RY4
Name: Target, dtype: object

# I obtained gene coords from biomart hg19, so I understand that I have all names (IDs and gene names) for those genes that passed my filters. If a interest gene is not included in my gene coord set, then it should not be used for hg19. Indeed, the two genes included in the 168 BAT connectome that are not in gene coordinates, have their gene id NOT included in gene coords #

# check that we do not have any of the synonyms of these missing genes included in gene coords #
True
True

# In the same vein, there are some genes in 'gene coords' that do not have gene name, only gene id. I understand that these genes have no valid gene name in hg19. Indeed, I have checked two of these genes and have NO description in ensembl. So they should not be included in our interest genes #
       chromosome_name          gene_id  ... upper_end_window_1000kb  bat_status
309                  1  ENSG00000116883  ...              37292078.0          no
408                  1  ENSG00000117598  ...              99913196.0          no
409                  1  ENSG00000117600  ...             100252327.0          no
892                  1  ENSG00000143674  ...             233992203.0          no
1538                 1  ENSG00000183291  ...              87854119.0          no
...                ...              ...  ...                     ...         ...
19247               22  ENSG00000268427  ...              51214226.0          no
19248               22  ENSG00000268538  ...              31314340.0          no
19249               22  ENSG00000268818  ...              36527110.0          no
19250               22  ENSG00000269103  ...              21859382.0          no
19251               22  ENSG00000269104  ...              42185536.0          no

[947 rows x 17 columns]

## define function to calculate the distance of each coding to gene to the closest BAT gene ##

## see function in action with two genes, one that is included in the group of interest genes and other not included ##
('ENSG00000000457', 8653333.5)
('ENSG00000073756', 0)

## check that the non-interest gene has distance different from zero while the interest gene has a distance equal to zero ##
True
True

## run the function ##

# use functools.partial to add a fixed parameter to the function. In this way, we can apply the function in parallel to each gene (third argument) while having the same value for the other two arguments, i.e., the dataset with the coordinates and the name of the selective pressure #

# open the pool with the selected number of cores #
<multiprocessing.pool.Pool state=RUN pool_size=5>

# run the function to calculate distance of each gene to the closest selective pressure gene. This takes the gene IDs as inputs and the function will output a list of tuples having each tuple the gene id and the distance to the closest interest gene #
see first 10 gene ids
[('ENSG00000000457', 8653333.5), ('ENSG00000000460', 8539476.5), ('ENSG00000000938', 647338.5), ('ENSG00000000971', 10023580.0), ('ENSG00000001460', 3884063.5), ('ENSG00000001461', 3826645.0), ('ENSG00000004455', 177115.0), ('ENSG00000004487', 5219458.5), ('ENSG00000006555', 3991962.5), ('ENSG00000007341', 43703743.5)]

# convert the list with results to DF. The second column with the distance will be named used the pressure name and the p-value percentile used #
               gene_id  bat_distance_percentile_0.5
0      ENSG00000000457                    8653333.5
1      ENSG00000000460                    8539476.5
2      ENSG00000000938                     647338.5
3      ENSG00000000971                   10023580.0
4      ENSG00000001460                    3884063.5
...                ...                          ...
19247  ENSG00000268427                    4121188.0
19248  ENSG00000268538                     174702.5
19249  ENSG00000268818                    1519375.5
19250  ENSG00000269103                    9280255.0
19251  ENSG00000269104                    3465091.5

[19252 rows x 2 columns]

# save the results #

## select the interest genes genes ##
0          UCP1
1          UCP2
2          UCP3
3          BMP7
4         FNDC5
         ...   
163        RORA
164       DMTF1
165         CRK
166    TNFRSF1A
167       EHMT1
Name: Target, Length: 168, dtype: object

## create a variable about pressure status using this set of genes (those belonging to the set of interest are 'yes') ##
0        no
1        no
2        no
3        no
4        no
         ..
19247    no
19248    no
19249    no
19250    no
19251    no
Name: bat_status, Length: 19252, dtype: object

# check we have set as 'yes' all genes with coords that are included in the interest set of genes #
[ True]

## explore pressure data ##

# look for genes without gene symbol in gene coords #
75    IL2RG
81    P2RY4
Name: Target, dtype: object

# I obtained gene coords from biomart hg19, so I understand that I have all names (IDs and gene names) for those genes that passed my filters. If a interest gene is not included in my gene coord set, then it should not be used for hg19. Indeed, the two genes included in the 168 BAT connectome that are not in gene coordinates, have their gene id NOT included in gene coords #

# check that we do not have any of the synonyms of these missing genes included in gene coords #
True
True

# In the same vein, there are some genes in 'gene coords' that do not have gene name, only gene id. I understand that these genes have no valid gene name in hg19. Indeed, I have checked two of these genes and have NO description in ensembl. So they should not be included in our interest genes #
       chromosome_name          gene_id  ... upper_end_window_1000kb  bat_status
309                  1  ENSG00000116883  ...              37292078.0          no
408                  1  ENSG00000117598  ...              99913196.0          no
409                  1  ENSG00000117600  ...             100252327.0          no
892                  1  ENSG00000143674  ...             233992203.0          no
1538                 1  ENSG00000183291  ...              87854119.0          no
...                ...              ...  ...                     ...         ...
19247               22  ENSG00000268427  ...              51214226.0          no
19248               22  ENSG00000268538  ...              31314340.0          no
19249               22  ENSG00000268818  ...              36527110.0          no
19250               22  ENSG00000269103  ...              21859382.0          no
19251               22  ENSG00000269104  ...              42185536.0          no

[947 rows x 17 columns]

## define function to calculate the distance of each coding to gene to the closest BAT gene ##

## see function in action with two genes, one that is included in the group of interest genes and other not included ##
('ENSG00000000457', 8653333.5)
('ENSG00000065135', 0)

## check that the non-interest gene has distance different from zero while the interest gene has a distance equal to zero ##
True
True

## run the function ##

# use functools.partial to add a fixed parameter to the function. In this way, we can apply the function in parallel to each gene (third argument) while having the same value for the other two arguments, i.e., the dataset with the coordinates and the name of the selective pressure #

# open the pool with the selected number of cores #
<multiprocessing.pool.Pool state=RUN pool_size=5>

# run the function to calculate distance of each gene to the closest selective pressure gene. This takes the gene IDs as inputs and the function will output a list of tuples having each tuple the gene id and the distance to the closest interest gene #
see first 10 gene ids
[('ENSG00000000457', 8653333.5), ('ENSG00000000460', 8539476.5), ('ENSG00000000938', 647338.5), ('ENSG00000000971', 10023580.0), ('ENSG00000001460', 472174.0), ('ENSG00000001461', 529592.5), ('ENSG00000004455', 177115.0), ('ENSG00000004487', 863221.0), ('ENSG00000006555', 1889839.0), ('ENSG00000007341', 2739904.5)]

# convert the list with results to DF. The second column with the distance will be named used the pressure name and the p-value percentile used #
               gene_id  bat_distance_percentile_1
0      ENSG00000000457                  8653333.5
1      ENSG00000000460                  8539476.5
2      ENSG00000000938                   647338.5
3      ENSG00000000971                 10023580.0
4      ENSG00000001460                   472174.0
...                ...                        ...
19247  ENSG00000268427                  4121188.0
19248  ENSG00000268538                   174702.5
19249  ENSG00000268818                  1519375.5
19250  ENSG00000269103                  9280255.0
19251  ENSG00000269104                  3465091.5

[19252 rows x 2 columns]

# save the results #

## select the interest genes genes ##
0         UCP1
1         UCP2
2         UCP3
3         BMP7
4        FNDC5
        ...   
832    NEUROG2
833        IVL
834       ESAM
835       WWOX
836      IL17A
Name: Target, Length: 837, dtype: object

## create a variable about pressure status using this set of genes (those belonging to the set of interest are 'yes') ##
0        no
1        no
2        no
3        no
4        no
         ..
19247    no
19248    no
19249    no
19250    no
19251    no
Name: bat_status, Length: 19252, dtype: object

# check we have set as 'yes' all genes with coords that are included in the interest set of genes #
[ True]

## explore pressure data ##

# look for genes without gene symbol in gene coords #
75             IL2RG
81             P2RY4
186            TBL1X
248             IRS4
275            TIMP1
319               AR
341            MED14
372            FOXP3
406           MT-CO2
428             APLN
511           CD40LG
543            MED12
595            CXCR3
707           CSF2RA
736          SH3KBP1
752    RP1-170O19.20
816          IL13RA1
Name: Target, dtype: object

# I obtained gene coords from biomart hg19, so I understand that I have all names (IDs and gene names) for those genes that passed my filters. If a interest gene is not included in my gene coord set, then it should not be used for hg19. Indeed, the two genes included in the 168 BAT connectome that are not in gene coordinates, have their gene id NOT included in gene coords #

# check that we do not have any of the synonyms of these missing genes included in gene coords #
True
True

# In the same vein, there are some genes in 'gene coords' that do not have gene name, only gene id. I understand that these genes have no valid gene name in hg19. Indeed, I have checked two of these genes and have NO description in ensembl. So they should not be included in our interest genes #
       chromosome_name          gene_id  ... upper_end_window_1000kb  bat_status
309                  1  ENSG00000116883  ...              37292078.0          no
408                  1  ENSG00000117598  ...              99913196.0          no
409                  1  ENSG00000117600  ...             100252327.0          no
892                  1  ENSG00000143674  ...             233992203.0          no
1538                 1  ENSG00000183291  ...              87854119.0          no
...                ...              ...  ...                     ...         ...
19247               22  ENSG00000268427  ...              51214226.0          no
19248               22  ENSG00000268538  ...              31314340.0          no
19249               22  ENSG00000268818  ...              36527110.0          no
19250               22  ENSG00000269103  ...              21859382.0          no
19251               22  ENSG00000269104  ...              42185536.0          no

[947 rows x 17 columns]

## define function to calculate the distance of each coding to gene to the closest BAT gene ##

## see function in action with two genes, one that is included in the group of interest genes and other not included ##
('ENSG00000000457', 128276.5)
('ENSG00000007908', 0)

## check that the non-interest gene has distance different from zero while the interest gene has a distance equal to zero ##
True
True

## run the function ##

# use functools.partial to add a fixed parameter to the function. In this way, we can apply the function in parallel to each gene (third argument) while having the same value for the other two arguments, i.e., the dataset with the coordinates and the name of the selective pressure #

# open the pool with the selected number of cores #
<multiprocessing.pool.Pool state=RUN pool_size=5>

# run the function to calculate distance of each gene to the closest selective pressure gene. This takes the gene IDs as inputs and the function will output a list of tuples having each tuple the gene id and the distance to the closest interest gene #
see first 10 gene ids
[('ENSG00000000457', 128276.5), ('ENSG00000000460', 14419.5), ('ENSG00000000938', 647338.5), ('ENSG00000000971', 6429336.5), ('ENSG00000001460', 472174.0), ('ENSG00000001461', 529592.5), ('ENSG00000004455', 177115.0), ('ENSG00000004487', 141046.0), ('ENSG00000006555', 261710.5), ('ENSG00000007341', 1048516.5)]

# convert the list with results to DF. The second column with the distance will be named used the pressure name and the p-value percentile used #
               gene_id  bat_distance_percentile_5
0      ENSG00000000457                   128276.5
1      ENSG00000000460                    14419.5
2      ENSG00000000938                   647338.5
3      ENSG00000000971                  6429336.5
4      ENSG00000001460                   472174.0
...                ...                        ...
19247  ENSG00000268427                     8557.5
19248  ENSG00000268538                   174702.5
19249  ENSG00000268818                   843469.5
19250  ENSG00000269103                    69507.5
19251  ENSG00000269104                   153601.5

[19252 rows x 2 columns]

# save the results #
